C:\Program Files\Microsoft Visual Studio\2022\Community\MSBuild\Microsoft\VC\v170\Microsoft.CppBuild.targets(513,5): warning MSB8003: The WindowsSDKDir property is not defined. Some build tools may not be found.
  auth.cpp
  charconfig_controller.cpp
  emblem_controller.cpp
  merchantstore_controller.cpp
  partybooking_controller.cpp
  sqllock.cpp
  userconfig_controller.cpp
  webutils.cpp
  web.cpp
C:\Program Files\Microsoft Visual Studio\2022\Community\VC\Tools\MSVC\14.39.33519\include\yvals.h(20,10): error C1083: Cannot open include file: 'crtdbg.h': No such file or directory
  (compiling source file '../../../../#0%20Yet%20Another%20Ragnarok%20Dream/ragnaVeraTrunk/src/web/web.cpp')
  
C:\Program Files\Microsoft Visual Studio\2022\Community\VC\Tools\MSVC\14.39.33519\include\cinttypes(12,10): error C1083: Cannot open include file: 'inttypes.h': No such file or directory
  (compiling source file '../../../../#0%20Yet%20Another%20Ragnarok%20Dream/ragnaVeraTrunk/src/web/merchantstore_controller.cpp')
  
C:\Program Files\Microsoft Visual Studio\2022\Community\VC\Tools\MSVC\14.39.33519\include\yvals.h(20,10): error C1083: Cannot open include file: 'crtdbg.h': No such file or directory
  (compiling source file '../../../../#0%20Yet%20Another%20Ragnarok%20Dream/ragnaVeraTrunk/src/web/sqllock.cpp')
  
C:\Program Files\Microsoft Visual Studio\2022\Community\VC\Tools\MSVC\14.39.33519\include\cinttypes(12,10): error C1083: Cannot open include file: 'inttypes.h': No such file or directory
  (compiling source file '../../../../#0%20Yet%20Another%20Ragnarok%20Dream/ragnaVeraTrunk/src/web/partybooking_controller.cpp')
  
C:\Program Files\Microsoft Visual Studio\2022\Community\VC\Tools\MSVC\14.39.33519\include\cinttypes(12,10): error C1083: Cannot open include file: 'inttypes.h': No such file or directory
  (compiling source file '../../../../#0%20Yet%20Another%20Ragnarok%20Dream/ragnaVeraTrunk/src/web/emblem_controller.cpp')
  
C:\Program Files\Microsoft Visual Studio\2022\Community\VC\Tools\MSVC\14.39.33519\include\cinttypes(12,10): error C1083: Cannot open include file: 'inttypes.h': No such file or directory
  (compiling source file '../../../../#0%20Yet%20Another%20Ragnarok%20Dream/ragnaVeraTrunk/src/web/charconfig_controller.cpp')
  
C:\Program Files\Microsoft Visual Studio\2022\Community\VC\Tools\MSVC\14.39.33519\include\yvals.h(20,10): error C1083: Cannot open include file: 'crtdbg.h': No such file or directory
  (compiling source file '../../../../#0%20Yet%20Another%20Ragnarok%20Dream/ragnaVeraTrunk/src/web/webutils.cpp')
  
C:\Program Files\Microsoft Visual Studio\2022\Community\VC\Tools\MSVC\14.39.33519\include\cinttypes(12,10): error C1083: Cannot open include file: 'inttypes.h': No such file or directory
  (compiling source file '../../../../#0%20Yet%20Another%20Ragnarok%20Dream/ragnaVeraTrunk/src/web/auth.cpp')
  
C:\Program Files\Microsoft Visual Studio\2022\Community\VC\Tools\MSVC\14.39.33519\include\cinttypes(12,10): error C1083: Cannot open include file: 'inttypes.h': No such file or directory
  (compiling source file '../../../../#0%20Yet%20Another%20Ragnarok%20Dream/ragnaVeraTrunk/src/web/userconfig_controller.cpp')
  
